15:34:12,988 [32mINFO [m [f.console] ,----------------------------------------------------------------------------------------------------.
|       ,---,.  .--.--.     ,----..                                     ,--,           2.10-SNAPSHOT |
|     ,'  .' | /  /    '.  /   /   \                                  ,--.'|                         |
|   ,---.'   ||  :  /`. / |   :     :  __  ,-.                   .---.|  | :               __  ,-.   |
|   |   |   .';  |  |--`  .   |  ;. /,' ,'/ /|                  /. ./|:  : '             ,' ,'/ /|   |
|   :   :  :  |  :  ;_    .   ; /--` '  | |' | ,--.--.       .-'-. ' ||  ' |      ,---.  '  | |' |   |
|   :   |  |-, \  \    `. ;   | ;    |  |   ,'/       \     /___/ \: |'  | |     /     \ |  |   ,'   |
|   |   :  ;/|  `----.   \|   : |    '  :  / .--.  .-. | .-'.. '   ' .|  | :    /    /  |'  :  /     |
|   |   |   .'  __ \  \  |.   | '___ |  | '   \__\/: . ./___/ \:     ''  : |__ .    ' / ||  | '      |
|   '   :  '   /  /`--'  /'   ; : .'|;  : |   ," .--.; |.   \  ' .\   |  | '.'|'   ;   /|;  : |      |
|   |   |  |  '--'.     / '   | '/  :|  , ;  /  /  ,.  | \   \   ' \ |;  :    ;'   |  / ||  , ;      |
|   |   :  \    `--'---'  |   :    /  ---'  ;  :   .'   \ \   \  |--" |  ,   / |   :    | ---'       |
|   |   | ,'               \   \ .'         |  ,     .-./  \   \ |     ---`-'   \   \  /             |
|   `----'                  `---`            `--`---'       '---"                `----'              |
+----------------------------------------------------------------------------------------------------+
|                                        You know, for Files!                                        |
|                                     Made from France with Love                                     |
|                           Source: https://github.com/dadoonet/fscrawler/                           |
|                          Documentation: https://fscrawler.readthedocs.io/                          |
`----------------------------------------------------------------------------------------------------'

15:34:13,008 [32mINFO [m [f.p.e.c.f.c.BootstrapChecks] Memory [Free/Total=Percent]: HEAP [100.7mb/1.9gb=5.08%], RAM [915.5mb/7.7gb=11.55%], Swap [1.8gb/2gb=94.04%].
15:34:13,318 [32mINFO [m [f.console] job [document_crawl] does not exist
15:34:13,323 [32mINFO [m [f.console] Do you want to create it (Y/N)?
